Start testing: Oct 08 20:00 UTC
----------------------------------------------------------
1/1 Testing: TwelveTests
1/1 Test: TwelveTests
Command: "/workspaces/labs_OOP/tasks/lab2/build/tests"
Directory: /workspaces/labs_OOP/tasks/lab2/build
"TwelveTests" start time: Oct 08 20:00 UTC
Output:
----------------------------------------------------------
Running main() from /workspaces/labs_OOP/tasks/lab2/build/_deps/googletest-src/googletest/src/gtest_main.cc
[==========] Running 13 tests from 1 test suite.
[----------] Global test environment set-up.
[----------] 13 tests from TwelveTests
[ RUN      ] TwelveTests.ConstructionAndToString
[       OK ] TwelveTests.ConstructionAndToString (0 ms)
[ RUN      ] TwelveTests.Addition
[       OK ] TwelveTests.Addition (0 ms)
[ RUN      ] TwelveTests.Subtraction
[       OK ] TwelveTests.Subtraction (0 ms)
[ RUN      ] TwelveTests.CopyAndCompare
[       OK ] TwelveTests.CopyAndCompare (0 ms)
[ RUN      ] TwelveTests.SubtractionNegativeThrows
[       OK ] TwelveTests.SubtractionNegativeThrows (2 ms)
[ RUN      ] TwelveTests.InvalidInput
[       OK ] TwelveTests.InvalidInput (0 ms)
[ RUN      ] TwelveTests.LargeNumber
[       OK ] TwelveTests.LargeNumber (0 ms)
[ RUN      ] TwelveTests.MinimalNumber
[       OK ] TwelveTests.MinimalNumber (0 ms)
[ RUN      ] TwelveTests.DecimalRoundTrip
[       OK ] TwelveTests.DecimalRoundTrip (0 ms)
[ RUN      ] TwelveTests.FromDecimalToString
[       OK ] TwelveTests.FromDecimalToString (0 ms)
[ RUN      ] TwelveTests.AdditionWithCarry
[       OK ] TwelveTests.AdditionWithCarry (0 ms)
[ RUN      ] TwelveTests.SubtractionWithZero
[       OK ] TwelveTests.SubtractionWithZero (0 ms)
[ RUN      ] TwelveTests.CopyIndependence
[       OK ] TwelveTests.CopyIndependence (0 ms)
[----------] 13 tests from TwelveTests (2 ms total)

[----------] Global test environment tear-down
[==========] 13 tests from 1 test suite ran. (2 ms total)
[  PASSED  ] 13 tests.
<end of output>
Test time =   0.01 sec
----------------------------------------------------------
Test Passed.
"TwelveTests" end time: Oct 08 20:00 UTC
"TwelveTests" time elapsed: 00:00:00
----------------------------------------------------------

End testing: Oct 08 20:00 UTC
